<?xml version="1.0" encoding="UTF-8"?>
<!-- Generated by org.testng.reporters.JUnitReportReporter -->
<testsuite hostname="LAPTOP-4R2OF2PC" failures="0" tests="1" name="functionaltestscript.FunctionalTest" time="7.285" errors="0" timestamp="2024-05-10T09:18:14 IST" skipped="0">
  <testcase classname="functionaltestscript.FunctionalTest" name="task" time="7.285"/>
  <system-out>
    <![CDATA[Task completed Successfully]]>
  </system-out>
</testsuite> <!-- functionaltestscript.FunctionalTest -->
